kotlin version: 2.0.0
error message: java.lang.OutOfMemoryError: GC overhead limit exceeded
	at java.base/java.util.LinkedHashMap.newNode(LinkedHashMap.java:257)
	at java.base/java.util.HashMap.putVal(HashMap.java:629)
	at java.base/java.util.HashMap.put(HashMap.java:610)
	at java.base/java.util.HashSet.add(HashSet.java:221)
	at java.base/java.util.AbstractCollection.addAll(AbstractCollection.java:336)
	at kotlin.collections.SetsKt___SetsKt.plus(_Sets.kt:87)
	at androidx.compose.compiler.plugins.kotlin.analysis.StabilityInferencer.stabilityOf(Stability.kt:266)
	at androidx.compose.compiler.plugins.kotlin.analysis.StabilityInferencer.stabilityOf(Stability.kt:371)
	at androidx.compose.compiler.plugins.kotlin.analysis.StabilityInferencer.stabilityOf(Stability.kt:437)
	at androidx.compose.compiler.plugins.kotlin.analysis.StabilityInferencer.stabilityOf(Stability.kt:326)
	at androidx.compose.compiler.plugins.kotlin.analysis.StabilityInferencer.stabilityOf(Stability.kt:371)
	at androidx.compose.compiler.plugins.kotlin.analysis.StabilityInferencer.stabilityOf(Stability.kt:437)
	at androidx.compose.compiler.plugins.kotlin.analysis.StabilityInferencer.stabilityOf(Stability.kt:326)
	at androidx.compose.compiler.plugins.kotlin.analysis.StabilityInferencer.stabilityOf(Stability.kt:371)
	at androidx.compose.compiler.plugins.kotlin.analysis.StabilityInferencer.stabilityOf(Stability.kt:437)
	at androidx.compose.compiler.plugins.kotlin.analysis.StabilityInferencer.stabilityOf(Stability.kt:326)
	at androidx.compose.compiler.plugins.kotlin.analysis.StabilityInferencer.stabilityOf(Stability.kt:371)
	at androidx.compose.compiler.plugins.kotlin.analysis.StabilityInferencer.stabilityOf(Stability.kt:437)
	at androidx.compose.compiler.plugins.kotlin.analysis.StabilityInferencer.stabilityOf(Stability.kt:326)
	at androidx.compose.compiler.plugins.kotlin.analysis.StabilityInferencer.stabilityOf(Stability.kt:371)
	at androidx.compose.compiler.plugins.kotlin.analysis.StabilityInferencer.stabilityOf(Stability.kt:437)
	at androidx.compose.compiler.plugins.kotlin.analysis.StabilityInferencer.stabilityOf(Stability.kt:326)
	at androidx.compose.compiler.plugins.kotlin.analysis.StabilityInferencer.stabilityOf(Stability.kt:371)
	at androidx.compose.compiler.plugins.kotlin.analysis.StabilityInferencer.stabilityOf(Stability.kt:437)
	at androidx.compose.compiler.plugins.kotlin.analysis.StabilityInferencer.stabilityOf(Stability.kt:326)
	at androidx.compose.compiler.plugins.kotlin.analysis.StabilityInferencer.stabilityOf(Stability.kt:371)
	at androidx.compose.compiler.plugins.kotlin.analysis.StabilityInferencer.stabilityOf(Stability.kt:437)
	at androidx.compose.compiler.plugins.kotlin.analysis.StabilityInferencer.stabilityOf(Stability.kt:326)
	at androidx.compose.compiler.plugins.kotlin.analysis.StabilityInferencer.stabilityOf(Stability.kt:371)
	at androidx.compose.compiler.plugins.kotlin.analysis.StabilityInferencer.stabilityOf(Stability.kt:437)
	at androidx.compose.compiler.plugins.kotlin.analysis.StabilityInferencer.stabilityOf(Stability.kt:245)
	at androidx.compose.compiler.plugins.kotlin.analysis.StabilityInferencer.stabilityOf(Stability.kt:486)


